/* ANSI-C code produced by gperf version 3.1 */
/* Command-line: gperf --output-file=src/handlers/irc_ctcp.gperf.out src/handlers/irc_ctcp.gperf  */
/* Computed positions: -k'1' */

#if !((' ' == 32) && ('!' == 33) && ('"' == 34) && ('#' == 35) \
      && ('%' == 37) && ('&' == 38) && ('\'' == 39) && ('(' == 40) \
      && (')' == 41) && ('*' == 42) && ('+' == 43) && (',' == 44) \
      && ('-' == 45) && ('.' == 46) && ('/' == 47) && ('0' == 48) \
      && ('1' == 49) && ('2' == 50) && ('3' == 51) && ('4' == 52) \
      && ('5' == 53) && ('6' == 54) && ('7' == 55) && ('8' == 56) \
      && ('9' == 57) && (':' == 58) && (';' == 59) && ('<' == 60) \
      && ('=' == 61) && ('>' == 62) && ('?' == 63) && ('A' == 65) \
      && ('B' == 66) && ('C' == 67) && ('D' == 68) && ('E' == 69) \
      && ('F' == 70) && ('G' == 71) && ('H' == 72) && ('I' == 73) \
      && ('J' == 74) && ('K' == 75) && ('L' == 76) && ('M' == 77) \
      && ('N' == 78) && ('O' == 79) && ('P' == 80) && ('Q' == 81) \
      && ('R' == 82) && ('S' == 83) && ('T' == 84) && ('U' == 85) \
      && ('V' == 86) && ('W' == 87) && ('X' == 88) && ('Y' == 89) \
      && ('Z' == 90) && ('[' == 91) && ('\\' == 92) && (']' == 93) \
      && ('^' == 94) && ('_' == 95) && ('a' == 97) && ('b' == 98) \
      && ('c' == 99) && ('d' == 100) && ('e' == 101) && ('f' == 102) \
      && ('g' == 103) && ('h' == 104) && ('i' == 105) && ('j' == 106) \
      && ('k' == 107) && ('l' == 108) && ('m' == 109) && ('n' == 110) \
      && ('o' == 111) && ('p' == 112) && ('q' == 113) && ('r' == 114) \
      && ('s' == 115) && ('t' == 116) && ('u' == 117) && ('v' == 118) \
      && ('w' == 119) && ('x' == 120) && ('y' == 121) && ('z' == 122) \
      && ('{' == 123) && ('|' == 124) && ('}' == 125) && ('~' == 126))
/* The character set is not based on ISO-646.  */
#error "gperf generated tables don't work with this execution character set. Please report a bug to <bug-gperf@gnu.org>."
#endif

#line 1 "src/handlers/irc_ctcp.gperf"

#include <string.h>

/* Not implemented:
 *  - DCC (extended query) */

#define CTCP_EXTENDED_FORMATTING \
	X(action)

#define CTCP_EXTENDED_QUERY \
	X(clientinfo) \
	X(ping) \
	X(time)

#define CTCP_METADATA_QUERY \
	X(finger) \
	X(source) \
	X(userinfo) \
	X(version)

#define X(cmd) static int ctcp_request_##cmd(struct server*, const char*, const char*, char*);
CTCP_EXTENDED_FORMATTING
CTCP_EXTENDED_QUERY
CTCP_METADATA_QUERY
#undef X

#define X(cmd) static int ctcp_response_##cmd(struct server*, const char*, const char*, char*);
CTCP_EXTENDED_QUERY
CTCP_METADATA_QUERY
#undef X

typedef int (*ctcp_f)(struct server*, const char*, const char*, char*);

struct ctcp_handler
{
	const char *key;
	ctcp_f f_request;
	ctcp_f f_response;
};
#line 51 "src/handlers/irc_ctcp.gperf"
struct ctcp_handler;
/* maximum key range = 13, duplicates = 0 */

#ifdef __GNUC__
__inline
#else
#ifdef __cplusplus
inline
#endif
#endif
static unsigned int
ctcp_handler_hash (register const char *str, register size_t len)
{
  static const unsigned char asso_values[] =
    {
      17, 17, 17, 17, 17, 17, 17, 17, 17, 17,
      17, 17, 17, 17, 17, 17, 17, 17, 17, 17,
      17, 17, 17, 17, 17, 17, 17, 17, 17, 17,
      17, 17, 17, 17, 17, 17, 17, 17, 17, 17,
      17, 17, 17, 17, 17, 17, 17, 17, 17, 17,
      17, 17, 17, 17, 17, 17, 17, 17, 17, 17,
      17, 17, 17, 17, 17, 10, 17,  0, 17, 17,
       5, 17, 17, 17, 17, 17, 17, 17, 17, 17,
       5, 17, 17,  0,  0,  0,  0, 17, 17, 17,
      17, 17, 17, 17, 17, 17, 17, 17, 17, 17,
      17, 17, 17, 17, 17, 17, 17, 17, 17, 17,
      17, 17, 17, 17, 17, 17, 17, 17, 17, 17,
      17, 17, 17, 17, 17, 17, 17, 17, 17, 17,
      17, 17, 17, 17, 17, 17, 17, 17, 17, 17,
      17, 17, 17, 17, 17, 17, 17, 17, 17, 17,
      17, 17, 17, 17, 17, 17, 17, 17, 17, 17,
      17, 17, 17, 17, 17, 17, 17, 17, 17, 17,
      17, 17, 17, 17, 17, 17, 17, 17, 17, 17,
      17, 17, 17, 17, 17, 17, 17, 17, 17, 17,
      17, 17, 17, 17, 17, 17, 17, 17, 17, 17,
      17, 17, 17, 17, 17, 17, 17, 17, 17, 17,
      17, 17, 17, 17, 17, 17, 17, 17, 17, 17,
      17, 17, 17, 17, 17, 17, 17, 17, 17, 17,
      17, 17, 17, 17, 17, 17, 17, 17, 17, 17,
      17, 17, 17, 17, 17, 17, 17, 17, 17, 17,
      17, 17, 17, 17, 17, 17
    };
  return len + asso_values[(unsigned char)str[0]];
}

const struct ctcp_handler *
ctcp_handler_lookup (register const char *str, register size_t len)
{
  enum
    {
      TOTAL_KEYWORDS = 8,
      MIN_WORD_LENGTH = 4,
      MAX_WORD_LENGTH = 10,
      MIN_HASH_VALUE = 4,
      MAX_HASH_VALUE = 16
    };

  static const struct ctcp_handler ctcp_handlers[] =
    {
      {(char*)0,(ctcp_f)0,(ctcp_f)0},
      {(char*)0,(ctcp_f)0,(ctcp_f)0},
      {(char*)0,(ctcp_f)0,(ctcp_f)0},
      {(char*)0,(ctcp_f)0,(ctcp_f)0},
#line 58 "src/handlers/irc_ctcp.gperf"
      {"TIME",       ctcp_request_time,       ctcp_response_time},
      {(char*)0,(ctcp_f)0,(ctcp_f)0},
#line 57 "src/handlers/irc_ctcp.gperf"
      {"SOURCE",     ctcp_request_source,     ctcp_response_source},
#line 60 "src/handlers/irc_ctcp.gperf"
      {"VERSION",    ctcp_request_version,    ctcp_response_version},
#line 59 "src/handlers/irc_ctcp.gperf"
      {"USERINFO",   ctcp_request_userinfo,   ctcp_response_userinfo},
#line 56 "src/handlers/irc_ctcp.gperf"
      {"PING",       ctcp_request_ping,       ctcp_response_ping},
#line 54 "src/handlers/irc_ctcp.gperf"
      {"CLIENTINFO", ctcp_request_clientinfo, ctcp_response_clientinfo},
#line 55 "src/handlers/irc_ctcp.gperf"
      {"FINGER",     ctcp_request_finger,     ctcp_response_finger},
      {(char*)0,(ctcp_f)0,(ctcp_f)0},
      {(char*)0,(ctcp_f)0,(ctcp_f)0},
      {(char*)0,(ctcp_f)0,(ctcp_f)0},
      {(char*)0,(ctcp_f)0,(ctcp_f)0},
#line 53 "src/handlers/irc_ctcp.gperf"
      {"ACTION",     ctcp_request_action,     (ctcp_f)0}
    };

  if (len <= MAX_WORD_LENGTH && len >= MIN_WORD_LENGTH)
    {
      register unsigned int key = ctcp_handler_hash (str, len);

      if (key <= MAX_HASH_VALUE)
        {
          register const char *s = ctcp_handlers[key].key;

          if (s && *str == *s && !strcmp (str + 1, s + 1))
            return &ctcp_handlers[key];
        }
    }
  return 0;
}
